CRITICAL - 2024-02-01 05:12:09 --> Too few arguments to function App\Controllers\POS::hapus_barang_keluar(), 0 passed in C:\xampp\htdocs\POS_UKK\system\CodeIgniter.php on line 832 and exactly 1 expected
#0 C:\xampp\htdocs\POS_UKK\system\CodeIgniter.php(832): App\Controllers\POS->hapus_barang_keluar()
#1 C:\xampp\htdocs\POS_UKK\system\CodeIgniter.php(419): CodeIgniter\CodeIgniter->runController(Object(App\Controllers\POS))
#2 C:\xampp\htdocs\POS_UKK\system\CodeIgniter.php(326): CodeIgniter\CodeIgniter->handleRequest(NULL, Object(Config\Cache), false)
#3 C:\xampp\htdocs\POS_UKK\public\index.php(37): CodeIgniter\CodeIgniter->run()
#4 C:\xampp\htdocs\POS_UKK\system\Commands\Server\rewrite.php(43): require_once('C:\\xampp\\htdocs...')
#5 {main}
CRITICAL - 2024-02-01 05:45:04 --> Call to a member function post() on null
#0 C:\xampp\htdocs\POS_UKK\system\CodeIgniter.php(832): App\Controllers\POS->live_search()
#1 C:\xampp\htdocs\POS_UKK\system\CodeIgniter.php(419): CodeIgniter\CodeIgniter->runController(Object(App\Controllers\POS))
#2 C:\xampp\htdocs\POS_UKK\system\CodeIgniter.php(326): CodeIgniter\CodeIgniter->handleRequest(NULL, Object(Config\Cache), false)
#3 C:\xampp\htdocs\POS_UKK\public\index.php(37): CodeIgniter\CodeIgniter->run()
#4 C:\xampp\htdocs\POS_UKK\system\Commands\Server\rewrite.php(43): require_once('C:\\xampp\\htdocs...')
#5 {main}
CRITICAL - 2024-02-01 05:45:04 --> Call to a member function post() on null
#0 C:\xampp\htdocs\POS_UKK\system\CodeIgniter.php(832): App\Controllers\POS->live_search()
#1 C:\xampp\htdocs\POS_UKK\system\CodeIgniter.php(419): CodeIgniter\CodeIgniter->runController(Object(App\Controllers\POS))
#2 C:\xampp\htdocs\POS_UKK\system\CodeIgniter.php(326): CodeIgniter\CodeIgniter->handleRequest(NULL, Object(Config\Cache), false)
#3 C:\xampp\htdocs\POS_UKK\public\index.php(37): CodeIgniter\CodeIgniter->run()
#4 C:\xampp\htdocs\POS_UKK\system\Commands\Server\rewrite.php(43): require_once('C:\\xampp\\htdocs...')
#5 {main}
CRITICAL - 2024-02-01 05:45:04 --> Call to a member function post() on null
#0 C:\xampp\htdocs\POS_UKK\system\CodeIgniter.php(832): App\Controllers\POS->live_search()
#1 C:\xampp\htdocs\POS_UKK\system\CodeIgniter.php(419): CodeIgniter\CodeIgniter->runController(Object(App\Controllers\POS))
#2 C:\xampp\htdocs\POS_UKK\system\CodeIgniter.php(326): CodeIgniter\CodeIgniter->handleRequest(NULL, Object(Config\Cache), false)
#3 C:\xampp\htdocs\POS_UKK\public\index.php(37): CodeIgniter\CodeIgniter->run()
#4 C:\xampp\htdocs\POS_UKK\system\Commands\Server\rewrite.php(43): require_once('C:\\xampp\\htdocs...')
#5 {main}
CRITICAL - 2024-02-01 05:45:04 --> Call to a member function post() on null
#0 C:\xampp\htdocs\POS_UKK\system\CodeIgniter.php(832): App\Controllers\POS->live_search()
#1 C:\xampp\htdocs\POS_UKK\system\CodeIgniter.php(419): CodeIgniter\CodeIgniter->runController(Object(App\Controllers\POS))
#2 C:\xampp\htdocs\POS_UKK\system\CodeIgniter.php(326): CodeIgniter\CodeIgniter->handleRequest(NULL, Object(Config\Cache), false)
#3 C:\xampp\htdocs\POS_UKK\public\index.php(37): CodeIgniter\CodeIgniter->run()
#4 C:\xampp\htdocs\POS_UKK\system\Commands\Server\rewrite.php(43): require_once('C:\\xampp\\htdocs...')
#5 {main}
CRITICAL - 2024-02-01 05:45:24 --> Call to a member function post() on null
#0 C:\xampp\htdocs\POS_UKK\system\CodeIgniter.php(832): App\Controllers\POS->live_search()
#1 C:\xampp\htdocs\POS_UKK\system\CodeIgniter.php(419): CodeIgniter\CodeIgniter->runController(Object(App\Controllers\POS))
#2 C:\xampp\htdocs\POS_UKK\system\CodeIgniter.php(326): CodeIgniter\CodeIgniter->handleRequest(NULL, Object(Config\Cache), false)
#3 C:\xampp\htdocs\POS_UKK\public\index.php(37): CodeIgniter\CodeIgniter->run()
#4 C:\xampp\htdocs\POS_UKK\system\Commands\Server\rewrite.php(43): require_once('C:\\xampp\\htdocs...')
#5 {main}
CRITICAL - 2024-02-01 05:45:24 --> Call to a member function post() on null
#0 C:\xampp\htdocs\POS_UKK\system\CodeIgniter.php(832): App\Controllers\POS->live_search()
#1 C:\xampp\htdocs\POS_UKK\system\CodeIgniter.php(419): CodeIgniter\CodeIgniter->runController(Object(App\Controllers\POS))
#2 C:\xampp\htdocs\POS_UKK\system\CodeIgniter.php(326): CodeIgniter\CodeIgniter->handleRequest(NULL, Object(Config\Cache), false)
#3 C:\xampp\htdocs\POS_UKK\public\index.php(37): CodeIgniter\CodeIgniter->run()
#4 C:\xampp\htdocs\POS_UKK\system\Commands\Server\rewrite.php(43): require_once('C:\\xampp\\htdocs...')
#5 {main}
CRITICAL - 2024-02-01 05:45:25 --> Call to a member function post() on null
#0 C:\xampp\htdocs\POS_UKK\system\CodeIgniter.php(832): App\Controllers\POS->live_search()
#1 C:\xampp\htdocs\POS_UKK\system\CodeIgniter.php(419): CodeIgniter\CodeIgniter->runController(Object(App\Controllers\POS))
#2 C:\xampp\htdocs\POS_UKK\system\CodeIgniter.php(326): CodeIgniter\CodeIgniter->handleRequest(NULL, Object(Config\Cache), false)
#3 C:\xampp\htdocs\POS_UKK\public\index.php(37): CodeIgniter\CodeIgniter->run()
#4 C:\xampp\htdocs\POS_UKK\system\Commands\Server\rewrite.php(43): require_once('C:\\xampp\\htdocs...')
#5 {main}
CRITICAL - 2024-02-01 05:45:25 --> Call to a member function post() on null
#0 C:\xampp\htdocs\POS_UKK\system\CodeIgniter.php(832): App\Controllers\POS->live_search()
#1 C:\xampp\htdocs\POS_UKK\system\CodeIgniter.php(419): CodeIgniter\CodeIgniter->runController(Object(App\Controllers\POS))
#2 C:\xampp\htdocs\POS_UKK\system\CodeIgniter.php(326): CodeIgniter\CodeIgniter->handleRequest(NULL, Object(Config\Cache), false)
#3 C:\xampp\htdocs\POS_UKK\public\index.php(37): CodeIgniter\CodeIgniter->run()
#4 C:\xampp\htdocs\POS_UKK\system\Commands\Server\rewrite.php(43): require_once('C:\\xampp\\htdocs...')
#5 {main}
CRITICAL - 2024-02-01 05:45:40 --> Call to a member function post() on null
#0 C:\xampp\htdocs\POS_UKK\system\CodeIgniter.php(832): App\Controllers\POS->live_search()
#1 C:\xampp\htdocs\POS_UKK\system\CodeIgniter.php(419): CodeIgniter\CodeIgniter->runController(Object(App\Controllers\POS))
#2 C:\xampp\htdocs\POS_UKK\system\CodeIgniter.php(326): CodeIgniter\CodeIgniter->handleRequest(NULL, Object(Config\Cache), false)
#3 C:\xampp\htdocs\POS_UKK\public\index.php(37): CodeIgniter\CodeIgniter->run()
#4 C:\xampp\htdocs\POS_UKK\system\Commands\Server\rewrite.php(43): require_once('C:\\xampp\\htdocs...')
#5 {main}
CRITICAL - 2024-02-01 05:45:40 --> Call to a member function post() on null
#0 C:\xampp\htdocs\POS_UKK\system\CodeIgniter.php(832): App\Controllers\POS->live_search()
#1 C:\xampp\htdocs\POS_UKK\system\CodeIgniter.php(419): CodeIgniter\CodeIgniter->runController(Object(App\Controllers\POS))
#2 C:\xampp\htdocs\POS_UKK\system\CodeIgniter.php(326): CodeIgniter\CodeIgniter->handleRequest(NULL, Object(Config\Cache), false)
#3 C:\xampp\htdocs\POS_UKK\public\index.php(37): CodeIgniter\CodeIgniter->run()
#4 C:\xampp\htdocs\POS_UKK\system\Commands\Server\rewrite.php(43): require_once('C:\\xampp\\htdocs...')
#5 {main}
CRITICAL - 2024-02-01 05:50:06 --> You must set the database table to be used with your query.
#0 C:\xampp\htdocs\POS_UKK\system\Model.php(545): CodeIgniter\Database\BaseConnection->table(NULL)
#1 C:\xampp\htdocs\POS_UKK\system\Model.php(722): CodeIgniter\Model->builder()
#2 C:\xampp\htdocs\POS_UKK\app\Controllers\Dashboard.php(15): CodeIgniter\Model->__call('sumData', Array)
#3 C:\xampp\htdocs\POS_UKK\system\CodeIgniter.php(832): App\Controllers\Dashboard->index()
#4 C:\xampp\htdocs\POS_UKK\system\CodeIgniter.php(419): CodeIgniter\CodeIgniter->runController(Object(App\Controllers\Dashboard))
#5 C:\xampp\htdocs\POS_UKK\system\CodeIgniter.php(326): CodeIgniter\CodeIgniter->handleRequest(NULL, Object(Config\Cache), false)
#6 C:\xampp\htdocs\POS_UKK\public\index.php(37): CodeIgniter\CodeIgniter->run()
#7 C:\xampp\htdocs\POS_UKK\system\Commands\Server\rewrite.php(43): require_once('C:\\xampp\\htdocs...')
#8 {main}
ERROR - 2024-02-01 05:50:30 --> Unknown column 'jumlah_barang' in 'field list'
CRITICAL - 2024-02-01 05:50:30 --> Call to a member function getRowArray() on bool
#0 C:\xampp\htdocs\POS_UKK\app\Controllers\Dashboard.php(15): App\Models\M_model->sumData('barang', 'jumlah_barang')
#1 C:\xampp\htdocs\POS_UKK\system\CodeIgniter.php(832): App\Controllers\Dashboard->index()
#2 C:\xampp\htdocs\POS_UKK\system\CodeIgniter.php(419): CodeIgniter\CodeIgniter->runController(Object(App\Controllers\Dashboard))
#3 C:\xampp\htdocs\POS_UKK\system\CodeIgniter.php(326): CodeIgniter\CodeIgniter->handleRequest(NULL, Object(Config\Cache), false)
#4 C:\xampp\htdocs\POS_UKK\public\index.php(37): CodeIgniter\CodeIgniter->run()
#5 C:\xampp\htdocs\POS_UKK\system\Commands\Server\rewrite.php(43): require_once('C:\\xampp\\htdocs...')
#6 {main}
ERROR - 2024-02-01 05:50:45 --> Unknown column 'jumlah_barang' in 'field list'
CRITICAL - 2024-02-01 05:50:45 --> Call to a member function getRowArray() on bool
#0 C:\xampp\htdocs\POS_UKK\app\Controllers\Dashboard.php(15): App\Models\M_model->sumData('barang', 'jumlah_barang')
#1 C:\xampp\htdocs\POS_UKK\system\CodeIgniter.php(832): App\Controllers\Dashboard->index()
#2 C:\xampp\htdocs\POS_UKK\system\CodeIgniter.php(419): CodeIgniter\CodeIgniter->runController(Object(App\Controllers\Dashboard))
#3 C:\xampp\htdocs\POS_UKK\system\CodeIgniter.php(326): CodeIgniter\CodeIgniter->handleRequest(NULL, Object(Config\Cache), false)
#4 C:\xampp\htdocs\POS_UKK\public\index.php(37): CodeIgniter\CodeIgniter->run()
#5 C:\xampp\htdocs\POS_UKK\system\Commands\Server\rewrite.php(43): require_once('C:\\xampp\\htdocs...')
#6 {main}
ERROR - 2024-02-01 05:50:47 --> Unknown column 'jumlah_barang' in 'field list'
CRITICAL - 2024-02-01 05:50:47 --> Call to a member function getRowArray() on bool
#0 C:\xampp\htdocs\POS_UKK\app\Controllers\Dashboard.php(15): App\Models\M_model->sumData('barang', 'jumlah_barang')
#1 C:\xampp\htdocs\POS_UKK\system\CodeIgniter.php(832): App\Controllers\Dashboard->index()
#2 C:\xampp\htdocs\POS_UKK\system\CodeIgniter.php(419): CodeIgniter\CodeIgniter->runController(Object(App\Controllers\Dashboard))
#3 C:\xampp\htdocs\POS_UKK\system\CodeIgniter.php(326): CodeIgniter\CodeIgniter->handleRequest(NULL, Object(Config\Cache), false)
#4 C:\xampp\htdocs\POS_UKK\public\index.php(37): CodeIgniter\CodeIgniter->run()
#5 C:\xampp\htdocs\POS_UKK\system\Commands\Server\rewrite.php(43): require_once('C:\\xampp\\htdocs...')
#6 {main}
ERROR - 2024-02-01 05:51:30 --> Unknown column 'jumlah_barang' in 'field list'
CRITICAL - 2024-02-01 05:51:30 --> Call to a member function getRowArray() on bool
#0 C:\xampp\htdocs\POS_UKK\app\Controllers\Dashboard.php(15): App\Models\M_model->sumData('barang', 'jumlah_barang')
#1 C:\xampp\htdocs\POS_UKK\system\CodeIgniter.php(832): App\Controllers\Dashboard->index()
#2 C:\xampp\htdocs\POS_UKK\system\CodeIgniter.php(419): CodeIgniter\CodeIgniter->runController(Object(App\Controllers\Dashboard))
#3 C:\xampp\htdocs\POS_UKK\system\CodeIgniter.php(326): CodeIgniter\CodeIgniter->handleRequest(NULL, Object(Config\Cache), false)
#4 C:\xampp\htdocs\POS_UKK\public\index.php(37): CodeIgniter\CodeIgniter->run()
#5 C:\xampp\htdocs\POS_UKK\system\Commands\Server\rewrite.php(43): require_once('C:\\xampp\\htdocs...')
#6 {main}
